00:21:35.584 [main] INFO  testCases.TC001_AccountRegistrationTest - Started TC001_AccountRegistrationTest
00:21:35.821 [main] INFO  testCases.TC001_AccountRegistrationTest - Clicked on MyAccount Link
00:21:36.601 [main] INFO  testCases.TC001_AccountRegistrationTest - Clicked on Register Link.. 
00:21:36.606 [main] INFO  testCases.TC001_AccountRegistrationTest - Providing customer details
00:21:39.113 [main] INFO  testCases.TC001_AccountRegistrationTest - Validating expected message
00:21:39.206 [main] INFO  testCases.TC001_AccountRegistrationTest - Test passed
00:21:42.353 [main] INFO  testCases.TC002_LoginTest - starting TC002_LoginTest
00:21:44.556 [main] INFO  testCases.TC002_LoginTest - Finished TC002_LoginTest
00:21:49.284 [main] INFO  testCases.TC003_LoginDDT - stating TC_003_LoginDDT
00:21:55.159 [main] INFO  testCases.TC003_LoginDDT - Finished TC003_LoginDDT
00:21:55.173 [main] INFO  testCases.TC003_LoginDDT - stating TC_003_LoginDDT
00:23:21.231 [main] INFO  testCases.TC001_AccountRegistrationTest - Started TC001_AccountRegistrationTest
00:23:21.543 [main] INFO  testCases.TC001_AccountRegistrationTest - Clicked on MyAccount Link
00:23:22.356 [main] INFO  testCases.TC001_AccountRegistrationTest - Clicked on Register Link.. 
00:23:22.361 [main] INFO  testCases.TC001_AccountRegistrationTest - Providing customer details
00:23:24.592 [main] INFO  testCases.TC001_AccountRegistrationTest - Validating expected message
00:23:24.700 [main] INFO  testCases.TC001_AccountRegistrationTest - Test passed
00:23:27.973 [main] INFO  testCases.TC002_LoginTest - starting TC002_LoginTest
00:23:30.248 [main] INFO  testCases.TC002_LoginTest - Finished TC002_LoginTest
00:23:34.941 [main] INFO  testCases.TC003_LoginDDT - stating TC_003_LoginDDT
00:23:40.943 [main] INFO  testCases.TC003_LoginDDT - Finished TC003_LoginDDT
00:23:40.943 [main] INFO  testCases.TC003_LoginDDT - stating TC_003_LoginDDT
00:23:46.156 [main] INFO  testCases.TC003_LoginDDT - Finished TC003_LoginDDT
00:23:52.036 [main] INFO  testCases.TC002_ACF - 
00:24:04.609 [main] INFO  testCases.TC001_AccountRegistrationTest - Started TC001_AccountRegistrationTest
00:24:04.934 [main] INFO  testCases.TC001_AccountRegistrationTest - Clicked on MyAccount Link
00:24:05.594 [main] INFO  testCases.TC001_AccountRegistrationTest - Clicked on Register Link.. 
00:24:05.594 [main] INFO  testCases.TC001_AccountRegistrationTest - Providing customer details
00:24:07.330 [main] INFO  testCases.TC001_AccountRegistrationTest - Validating expected message
00:24:07.400 [main] INFO  testCases.TC001_AccountRegistrationTest - Test passed
00:24:14.743 [main] INFO  testCases.TC002_LoginTest - starting TC002_LoginTest
00:24:16.908 [main] INFO  testCases.TC002_LoginTest - Finished TC002_LoginTest
00:24:24.405 [main] INFO  testCases.TC003_LoginDDT - stating TC_003_LoginDDT
00:24:30.253 [main] INFO  testCases.TC003_LoginDDT - Finished TC003_LoginDDT
00:24:30.253 [main] INFO  testCases.TC003_LoginDDT - stating TC_003_LoginDDT
00:24:48.896 [main] INFO  testCases.TC001_ACF - TC001_ACF started
00:24:49.085 [main] INFO  testCases.TC001_ACF - input given
00:24:49.709 [main] INFO  testCases.TC001_ACF - search button clicked
00:24:50.018 [main] INFO  testCases.TC001_ACF - p1 clicked
00:24:50.399 [main] INFO  testCases.TC001_ACF - cart btn clicked
00:24:50.425 [main] INFO  testCases.TC001_ACF - 1
00:25:00.266 [main] INFO  testCases.TC002_ACF - 
