23:19:01.156 [main] INFO  testCases.TC001_ACF - input given
23:19:01.878 [main] INFO  testCases.TC001_ACF - search button clicked
23:19:02.130 [main] INFO  testCases.TC001_ACF - p1 clicked
23:19:02.493 [main] INFO  testCases.TC001_ACF - cart btn clicked
23:19:02.502 [main] INFO  testCases.TC001_ACF - 1
00:10:31.984 [main] INFO  testCases.TC002_ACF - 
00:11:36.114 [main] INFO  testCases.TC002_ACF - 
00:12:31.687 [main] INFO  testCases.TC002_ACF - 
00:14:48.736 [main] INFO  testCases.TC002_ACF - 
23:49:08.246 [main] INFO  testCases.TC001_AccountRegistrationTest - Started TC001_AccountRegistrationTest
23:49:08.537 [main] INFO  testCases.TC001_AccountRegistrationTest - Clicked on MyAccount Link
23:49:09.192 [main] INFO  testCases.TC001_AccountRegistrationTest - Clicked on Register Link.. 
23:49:09.192 [main] INFO  testCases.TC001_AccountRegistrationTest - Providing customer details
23:49:10.890 [main] INFO  testCases.TC001_AccountRegistrationTest - Validating expected message
23:49:10.953 [main] INFO  testCases.TC001_AccountRegistrationTest - Test passed
23:49:15.100 [main] INFO  testCases.TC002_LoginTest - starting TC002_LoginTest
23:49:17.221 [main] INFO  testCases.TC002_LoginTest - Finished TC002_LoginTest
23:49:24.220 [main] INFO  testCases.TC003_LoginDDT - stating TC_003_LoginDDT
23:49:30.064 [main] INFO  testCases.TC003_LoginDDT - Finished TC003_LoginDDT
23:49:30.064 [main] INFO  testCases.TC003_LoginDDT - stating TC_003_LoginDDT
23:49:35.780 [main] INFO  testCases.TC003_LoginDDT - Finished TC003_LoginDDT
23:49:35.780 [main] INFO  testCases.TC003_LoginDDT - stating TC_003_LoginDDT
23:49:43.344 [main] INFO  testCases.TC003_LoginDDT - Finished TC003_LoginDDT
23:49:43.344 [main] INFO  testCases.TC003_LoginDDT - stating TC_003_LoginDDT
23:49:45.876 [main] INFO  testCases.TC003_LoginDDT - stating TC_003_LoginDDT
23:50:00.207 [main] INFO  testCases.TC003_LoginDDT - Finished TC003_LoginDDT
23:50:00.207 [main] INFO  testCases.TC003_LoginDDT - stating TC_003_LoginDDT
23:50:14.566 [main] INFO  testCases.TC003_LoginDDT - Finished TC003_LoginDDT
23:50:21.327 [main] INFO  testCases.TC002_ACF - 
23:50:34.618 [main] INFO  testCases.TC001_AccountRegistrationTest - Started TC001_AccountRegistrationTest
23:50:35.129 [main] INFO  testCases.TC001_AccountRegistrationTest - Clicked on MyAccount Link
23:50:36.225 [main] INFO  testCases.TC001_AccountRegistrationTest - Clicked on Register Link.. 
23:50:36.225 [main] INFO  testCases.TC001_AccountRegistrationTest - Providing customer details
23:50:37.626 [main] INFO  testCases.TC001_AccountRegistrationTest - Validating expected message
23:50:37.668 [main] INFO  testCases.TC001_AccountRegistrationTest - Test passed
23:50:45.466 [main] INFO  testCases.TC002_LoginTest - starting TC002_LoginTest
23:50:47.552 [main] INFO  testCases.TC002_LoginTest - Finished TC002_LoginTest
23:50:56.026 [main] INFO  testCases.TC003_LoginDDT - stating TC_003_LoginDDT
23:51:01.642 [main] INFO  testCases.TC003_LoginDDT - Finished TC003_LoginDDT
23:51:01.647 [main] INFO  testCases.TC003_LoginDDT - stating TC_003_LoginDDT
23:51:07.070 [main] INFO  testCases.TC003_LoginDDT - Finished TC003_LoginDDT
23:51:07.072 [main] INFO  testCases.TC003_LoginDDT - stating TC_003_LoginDDT
23:51:12.584 [main] INFO  testCases.TC003_LoginDDT - Finished TC003_LoginDDT
23:51:12.588 [main] INFO  testCases.TC003_LoginDDT - stating TC_003_LoginDDT
23:51:15.165 [main] INFO  testCases.TC003_LoginDDT - stating TC_003_LoginDDT
23:51:29.530 [main] INFO  testCases.TC003_LoginDDT - Finished TC003_LoginDDT
23:51:29.530 [main] INFO  testCases.TC003_LoginDDT - stating TC_003_LoginDDT
23:51:44.015 [main] INFO  testCases.TC003_LoginDDT - Finished TC003_LoginDDT
23:51:59.688 [main] INFO  testCases.TC001_ACF - TC001_ACF started
23:51:59.812 [main] INFO  testCases.TC001_ACF - input given
23:52:00.370 [main] INFO  testCases.TC001_ACF - search button clicked
23:52:00.615 [main] INFO  testCases.TC001_ACF - p1 clicked
23:52:00.931 [main] INFO  testCases.TC001_ACF - cart btn clicked
23:52:00.940 [main] INFO  testCases.TC001_ACF - 1
23:52:11.002 [main] INFO  testCases.TC002_ACF - 
23:55:29.946 [main] INFO  testCases.TC001_AccountRegistrationTest - Started TC001_AccountRegistrationTest
23:55:30.206 [main] INFO  testCases.TC001_AccountRegistrationTest - Clicked on MyAccount Link
23:55:30.977 [main] INFO  testCases.TC001_AccountRegistrationTest - Clicked on Register Link.. 
23:55:30.982 [main] INFO  testCases.TC001_AccountRegistrationTest - Providing customer details
23:55:33.337 [main] INFO  testCases.TC001_AccountRegistrationTest - Validating expected message
23:55:33.438 [main] INFO  testCases.TC001_AccountRegistrationTest - Test passed
23:55:36.518 [main] INFO  testCases.TC002_LoginTest - starting TC002_LoginTest
23:55:38.808 [main] INFO  testCases.TC002_LoginTest - Finished TC002_LoginTest
23:55:43.747 [main] INFO  testCases.TC003_LoginDDT - stating TC_003_LoginDDT
23:55:49.887 [main] INFO  testCases.TC003_LoginDDT - Finished TC003_LoginDDT
